<?xml version="1.0" encoding="UTF-8"?>
<!-- Generated by org.testng.reporters.JUnitXMLReporter -->
<testsuite ignored="0" hostname="DESKTOP-HIR02G4" failures="0" tests="3" name="Default test" time="0.056" errors="0" timestamp="2022-03-08T17:12:02 IST">
  <testcase classname="interview.StringPermutation" name="RepeatingNumbers" time="0.024"/>
  <testcase classname="interview.StringPermutation" name="numberRepeatingIndexesFirstTime" time="0.0"/>
  <testcase classname="interview.StringPermutation" name="print100NoLoops" time="0.0"/>
</testsuite> <!-- Default test -->
