<?xml version="1.0" encoding="UTF-8"?>
<!-- Generated by org.testng.reporters.JUnitXMLReporter -->
<testsuite ignored="8" hostname="DESKTOP-HIR02G4" failures="0" tests="5" name="Test" time="58.331" errors="0" timestamp="2022-02-11T16:57:50 IST">
  <testcase classname="com.tests.Regression.Inventory.CreateInventory3" name="Method" time="0.01"/>
  <testcase classname="com.tests.Regression.Inventory.CreateInventory" name="Method" time="0.003"/>
  <testcase classname="com.tests.Regression.Inventory.CreateInventory2" name="Method" time="0.001"/>
  <testcase classname="com.tests.Regression.Inventory.AddItemToCartFromProductHomeTest" name="test" time="33.999"/>
  <testcase classname="com.tests.Regression.Inventory.AddItemToCartFromProductHomeTest2" name="test" time="38.963"/>
  <testcase classname="com.base.BaseClass" name="@BeforeSuite beforeSuite" time="0.0">
    <ignored/>
  </testcase> <!-- @BeforeSuite beforeSuite -->
  <testcase classname="com.base.BaseClass" name="@BeforeSuite beforeSuite" time="0.0">
    <ignored/>
  </testcase> <!-- @BeforeSuite beforeSuite -->
  <testcase classname="com.base.BaseClass" name="@BeforeSuite beforeSuite" time="0.0">
    <ignored/>
  </testcase> <!-- @BeforeSuite beforeSuite -->
  <testcase classname="com.base.BaseClass" name="@BeforeSuite beforeSuite" time="0.0">
    <ignored/>
  </testcase> <!-- @BeforeSuite beforeSuite -->
  <testcase classname="com.base.BaseClass" name="@AfterSuite afterSuite" time="0.0">
    <ignored/>
  </testcase> <!-- @AfterSuite afterSuite -->
  <testcase classname="com.base.BaseClass" name="@AfterSuite afterSuite" time="0.0">
    <ignored/>
  </testcase> <!-- @AfterSuite afterSuite -->
  <testcase classname="com.base.BaseClass" name="@AfterSuite afterSuite" time="0.0">
    <ignored/>
  </testcase> <!-- @AfterSuite afterSuite -->
  <testcase classname="com.base.BaseClass" name="@AfterSuite afterSuite" time="0.0">
    <ignored/>
  </testcase> <!-- @AfterSuite afterSuite -->
</testsuite> <!-- Test -->
