<?xml version="1.0" encoding="UTF-8"?>
<testng-results ignored="0" total="1" passed="1" failed="0" skipped="0">
  <reporter-output>
  </reporter-output>
  <suite started-at="2022-02-18T18:47:00 IST" name="Suite" finished-at="2022-02-18T18:47:50 IST" duration-ms="50011">
    <groups>
    </groups>
    <test started-at="2022-02-18T18:47:00 IST" name="Test" finished-at="2022-02-18T18:47:50 IST" duration-ms="50011">
      <class name="com.tests.Regression.Inventory.AddItemToCartFromProductHomeTest">
        <test-method is-config="true" signature="beforeSuite()[pri:0, instance:com.tests.Regression.Inventory.AddItemToCartFromProductHomeTest@4c1909a3]" started-at="2022-02-18T18:46:59 IST" name="beforeSuite" finished-at="2022-02-18T18:47:00 IST" duration-ms="923" status="PASS">
          <reporter-output>
          </reporter-output>
        </test-method> <!-- beforeSuite -->
        <test-method is-config="true" signature="setUp()[pri:0, instance:com.tests.Regression.Inventory.AddItemToCartFromProductHomeTest@4c1909a3]" started-at="2022-02-18T18:47:00 IST" name="setUp" finished-at="2022-02-18T18:47:20 IST" duration-ms="20218" status="PASS">
          <reporter-output>
          </reporter-output>
        </test-method> <!-- setUp -->
        <test-method signature="test()[pri:0, instance:com.tests.Regression.Inventory.AddItemToCartFromProductHomeTest@4c1909a3]" started-at="2022-02-18T18:47:20 IST" name="test" finished-at="2022-02-18T18:47:45 IST" duration-ms="24512" status="PASS">
          <reporter-output>
          </reporter-output>
        </test-method> <!-- test -->
        <test-method is-config="true" signature="afterTest(org.testng.ITestResult)[pri:0, instance:com.tests.Regression.Inventory.AddItemToCartFromProductHomeTest@4c1909a3]" started-at="2022-02-18T18:47:45 IST" name="afterTest" finished-at="2022-02-18T18:47:50 IST" duration-ms="5249" status="PASS">
          <params>
            <param index="0">
              <value>
                <![CDATA[[TestResult name=test status=SUCCESS method=AddItemToCartFromProductHomeTest.test()[pri:0, instance:com.tests.Regression.Inventory.AddItemToCartFromProductHomeTest@4c1909a3] output={null}]]]>
              </value>
            </param>
          </params>
          <reporter-output>
          </reporter-output>
        </test-method> <!-- afterTest -->
        <test-method is-config="true" signature="afterSuite()[pri:0, instance:com.tests.Regression.Inventory.AddItemToCartFromProductHomeTest@4c1909a3]" started-at="2022-02-18T18:47:50 IST" name="afterSuite" finished-at="2022-02-18T18:47:51 IST" duration-ms="637" status="PASS">
          <reporter-output>
          </reporter-output>
        </test-method> <!-- afterSuite -->
      </class> <!-- com.tests.Regression.Inventory.AddItemToCartFromProductHomeTest -->
    </test> <!-- Test -->
  </suite> <!-- Suite -->
</testng-results>
