<?xml version="1.0" encoding="UTF-8"?>
<testng-results ignored="0" total="3" passed="3" failed="0" skipped="0">
  <reporter-output>
  </reporter-output>
  <suite started-at="2022-03-08T17:12:02 IST" name="Default suite" finished-at="2022-03-08T17:12:02 IST" duration-ms="56">
    <groups>
    </groups>
    <test started-at="2022-03-08T17:12:02 IST" name="Default test" finished-at="2022-03-08T17:12:02 IST" duration-ms="56">
      <class name="interview.StringPermutation">
        <test-method signature="RepeatingNumbers()[pri:0, instance:interview.StringPermutation@306e95ec]" started-at="2022-03-08T17:12:02 IST" name="RepeatingNumbers" finished-at="2022-03-08T17:12:02 IST" duration-ms="24" status="PASS">
          <reporter-output>
          </reporter-output>
        </test-method> <!-- RepeatingNumbers -->
        <test-method signature="print100NoLoops()[pri:0, instance:interview.StringPermutation@306e95ec]" started-at="2022-03-08T17:12:02 IST" name="print100NoLoops" finished-at="2022-03-08T17:12:02 IST" duration-ms="0" status="PASS">
          <reporter-output>
          </reporter-output>
        </test-method> <!-- print100NoLoops -->
        <test-method signature="numberRepeatingIndexesFirstTime()[pri:0, instance:interview.StringPermutation@306e95ec]" started-at="2022-03-08T17:12:02 IST" name="numberRepeatingIndexesFirstTime" finished-at="2022-03-08T17:12:02 IST" duration-ms="0" status="PASS">
          <reporter-output>
          </reporter-output>
        </test-method> <!-- numberRepeatingIndexesFirstTime -->
      </class> <!-- interview.StringPermutation -->
    </test> <!-- Default test -->
  </suite> <!-- Default suite -->
</testng-results>
